# JRE version: Java(TM) SE Runtime Environment (17.0.2+8) (build 17.0.2+8-LTS-86)
# Java VM: Java HotSpot(TM) 64-Bit Server VM (17.0.2+8-LTS-86, mixed mode, emulated-client, sharing, tiered, compressed oops, compressed class ptrs, g1 gc, windows-amd64)
GC Precious Log:
 CPUs: 2 total, 2 available
 Memory: 3919M
 Large Page Support: Disabled
 NUMA Support: Disabled
 Compressed Oops: Enabled (32-bit)
 Heap Region Size: 1M
 Heap Min Capacity: 8M
 Heap Initial Capacity: 62M
 Heap Max Capacity: 980M
 Pre-touch: Disabled
 Parallel Workers: 2
 Concurrent Workers: 1
 Concurrent Refinement Workers: 2
 Periodic GC: Disabled
Heap:
 garbage-first heap   total 63488K, used 15297K [0x00000000c2c00000, 0x0000000100000000)
  region size 1024K, 11 young (11264K), 4 survivors (4096K)
 Metaspace       used 15202K, committed 15424K, reserved 1064960K
  class space    used 1999K, committed 2112K, reserved 1048576K
GC Heap History (8 events):
Event: 3.730 GC heap before
{Heap before GC invocations=0 (full 0):
 garbage-first heap   total 63488K, used 6144K [0x00000000c2c00000, 0x0000000100000000)
  region size 1024K, 6 young (6144K), 0 survivors (0K)
 Metaspace       used 1227K, committed 1408K, reserved 1056768K
  class space    used 120K, committed 192K, reserved 1048576K
}
Event: 3.740 GC heap after
{Heap after GC invocations=1 (full 0):
 garbage-first heap   total 63488K, used 4982K [0x00000000c2c00000, 0x0000000100000000)
  region size 1024K, 1 young (1024K), 1 survivors (1024K)
 Metaspace       used 1227K, committed 1408K, reserved 1056768K
  class space    used 120K, committed 192K, reserved 1048576K
}
Event: 4.130 GC heap before
{Heap before GC invocations=1 (full 0):
 garbage-first heap   total 63488K, used 8054K [0x00000000c2c00000, 0x0000000100000000)
  region size 1024K, 4 young (4096K), 1 survivors (1024K)
 Metaspace       used 3980K, committed 4096K, reserved 1056768K
  class space    used 491K, committed 512K, reserved 1048576K
}
Event: 4.134 GC heap after
{Heap after GC invocations=2 (full 0):
 garbage-first heap   total 63488K, used 5863K [0x00000000c2c00000, 0x0000000100000000)
  region size 1024K, 1 young (1024K), 1 survivors (1024K)
 Metaspace       used 3980K, committed 4096K, reserved 1056768K
  class space    used 491K, committed 512K, reserved 1048576K
}
Event: 4.788 GC heap before
{Heap before GC invocations=2 (full 0):
 garbage-first heap   total 63488K, used 14055K [0x00000000c2c00000, 0x0000000100000000)
  region size 1024K, 9 young (9216K), 1 survivors (1024K)
 Metaspace       used 6911K, committed 7168K, reserved 1056768K
  class space    used 873K, committed 960K, reserved 1048576K
}
Event: 4.800 GC heap after
{Heap after GC invocations=3 (full 0):
 garbage-first heap   total 63488K, used 7272K [0x00000000c2c00000, 0x0000000100000000)
  region size 1024K, 2 young (2048K), 2 survivors (2048K)
 Metaspace       used 6911K, committed 7168K, reserved 1056768K
  class space    used 873K, committed 960K, reserved 1048576K
}
Event: 6.000 GC heap before
{Heap before GC invocations=3 (full 0):
 garbage-first heap   total 63488K, used 36968K [0x00000000c2c00000, 0x0000000100000000)
  region size 1024K, 31 young (31744K), 2 survivors (2048K)
 Metaspace       used 13734K, committed 13952K, reserved 1064960K
  class space    used 1823K, committed 1920K, reserved 1048576K
}
Event: 6.011 GC heap after
{Heap after GC invocations=4 (full 0):
 garbage-first heap   total 63488K, used 9153K [0x00000000c2c00000, 0x0000000100000000)
  region size 1024K, 4 young (4096K), 4 survivors (4096K)
 Metaspace       used 13734K, committed 13952K, reserved 1064960K
  class space    used 1823K, committed 1920K, reserved 1048576K
}

